Copyright 1986-2022 Xilinx, Inc. All Rights Reserved. Copyright 2022-2025 Advanced Micro Devices, Inc. All Rights Reserved.
-------------------------------------------------------------------------------------------------------------------------------------------------
| Tool Version     : Vivado v.2025.1 (win64) Build 6140274 Thu May 22 00:12:29 MDT 2025
| Date             : Mon May 11 14:57:48 2026
| Host             : carlostorres-pc running 64-bit major release  (build 9200)
| Command          : report_power -file camera_power_routed.rpt -pb camera_power_summary_routed.pb -rpx camera_power_routed.rpx
| Design           : camera
| Device           : xc7a100tcsg324-1
| Design State     : routed
| Grade            : commercial
| Process          : typical
| Characterization : Production
-------------------------------------------------------------------------------------------------------------------------------------------------

Power Report

Table of Contents
-----------------
1. Summary
1.1 On-Chip Components
1.2 Power Supply Summary
1.3 Confidence Level
2. Settings
2.1 Environment
2.2 Clock Constraints
3. Detailed Reports
3.1 By Hierarchy

1. Summary
----------

+--------------------------+--------------+
| Total On-Chip Power (W)  | 0.224        |
| Design Power Budget (W)  | Unspecified* |
| Power Budget Margin (W)  | NA           |
| Dynamic (W)              | 0.125        |
| Device Static (W)        | 0.099        |
| Effective TJA (C/W)      | 4.6          |
| Max Ambient (C)          | 84.0         |
| Junction Temperature (C) | 26.0         |
| Confidence Level         | Low          |
| Setting File             | ---          |
| Simulation Activity File | ---          |
| Design Nets Matched      | NA           |
+--------------------------+--------------+
* Specify Design Power Budget using, set_operating_conditions -design_power_budget <value in Watts>


1.1 On-Chip Components
----------------------

+----------------+-----------+----------+-----------+-----------------+
| On-Chip        | Power (W) | Used     | Available | Utilization (%) |
+----------------+-----------+----------+-----------+-----------------+
| Clocks         |     0.004 |        8 |       --- |             --- |
| Slice Logic    |     0.003 |     3363 |       --- |             --- |
|   LUT as Logic |     0.002 |     2117 |     63400 |            3.34 |
|   CARRY4       |    <0.001 |      589 |     15850 |            3.72 |
|   Register     |    <0.001 |      403 |    126800 |            0.32 |
|   F7/F8 Muxes  |    <0.001 |       18 |     63400 |            0.03 |
|   Others       |     0.000 |       84 |       --- |             --- |
| Signals        |     0.004 |     3109 |       --- |             --- |
| Block RAM      |     0.004 |       27 |       135 |           20.00 |
| MMCM           |     0.101 |        1 |         6 |           16.67 |
| DSPs           |    <0.001 |        3 |       240 |            1.25 |
| I/O            |     0.009 |       41 |       210 |           19.52 |
| Static Power   |     0.099 |          |           |                 |
| Total          |     0.224 |          |           |                 |
+----------------+-----------+----------+-----------+-----------------+


1.2 Power Supply Summary
------------------------

+-----------+-------------+-----------+-------------+------------+-------------+-------------+------------+
| Source    | Voltage (V) | Total (A) | Dynamic (A) | Static (A) | Powerup (A) | Budget (A)  | Margin (A) |
+-----------+-------------+-----------+-------------+------------+-------------+-------------+------------+
| Vccint    |       1.000 |     0.031 |       0.015 |      0.016 |       NA    | Unspecified | NA         |
| Vccaux    |       1.800 |     0.074 |       0.056 |      0.018 |       NA    | Unspecified | NA         |
| Vcco33    |       3.300 |     0.006 |       0.002 |      0.004 |       NA    | Unspecified | NA         |
| Vcco25    |       2.500 |     0.000 |       0.000 |      0.000 |       NA    | Unspecified | NA         |
| Vcco18    |       1.800 |     0.000 |       0.000 |      0.000 |       NA    | Unspecified | NA         |
| Vcco15    |       1.500 |     0.000 |       0.000 |      0.000 |       NA    | Unspecified | NA         |
| Vcco135   |       1.350 |     0.000 |       0.000 |      0.000 |       NA    | Unspecified | NA         |
| Vcco12    |       1.200 |     0.000 |       0.000 |      0.000 |       NA    | Unspecified | NA         |
| Vccaux_io |       1.800 |     0.000 |       0.000 |      0.000 |       NA    | Unspecified | NA         |
| Vccbram   |       1.000 |     0.001 |       0.000 |      0.001 |       NA    | Unspecified | NA         |
| MGTAVcc   |       1.000 |     0.000 |       0.000 |      0.000 |       NA    | Unspecified | NA         |
| MGTAVtt   |       1.200 |     0.000 |       0.000 |      0.000 |       NA    | Unspecified | NA         |
| Vccadc    |       1.800 |     0.020 |       0.000 |      0.020 |       NA    | Unspecified | NA         |
+-----------+-------------+-----------+-------------+------------+-------------+-------------+------------+


1.3 Confidence Level
--------------------

+-----------------------------+------------+--------------------------------------------------------+------------------------------------------------------------------------------------------------------------+
| User Input Data             | Confidence | Details                                                | Action                                                                                                     |
+-----------------------------+------------+--------------------------------------------------------+------------------------------------------------------------------------------------------------------------+
| Design implementation state | High       | Design is routed                                       |                                                                                                            |
| Clock nodes activity        | High       | User specified more than 95% of clocks                 |                                                                                                            |
| I/O nodes activity          | Low        | More than 75% of inputs are missing user specification | Provide missing input activity with simulation results or by editing the "By Resource Type -> I/Os" view   |
| Internal nodes activity     | Medium     | User specified less than 25% of internal nodes         | Provide missing internal nodes activity with simulation results or by editing the "By Resource Type" views |
| Device models               | High       | Device models are Production                           |                                                                                                            |
|                             |            |                                                        |                                                                                                            |
| Overall confidence level    | Low        |                                                        |                                                                                                            |
+-----------------------------+------------+--------------------------------------------------------+------------------------------------------------------------------------------------------------------------+


2. Settings
-----------

2.1 Environment
---------------

+-----------------------+--------------------------+
| Ambient Temp (C)      | 25.0                     |
| ThetaJA (C/W)         | 4.6                      |
| Airflow (LFM)         | 250                      |
| Heat Sink             | medium (Medium Profile)  |
| ThetaSA (C/W)         | 4.6                      |
| Board Selection       | medium (10"x10")         |
| # of Board Layers     | 12to15 (12 to 15 Layers) |
| Board Temperature (C) | 25.0                     |
+-----------------------+--------------------------+


2.2 Clock Constraints
---------------------

+--------------------+-------------------------------+-----------------+
| Clock              | Domain                        | Constraint (ns) |
+--------------------+-------------------------------+-----------------+
| cam_pixel_clock    | cam_dclk                      |            41.7 |
| clk_out1_clk_wiz_0 | clk_0/inst/clk_out1_clk_wiz_0 |            41.7 |
| clk_out2_clk_wiz_0 | clk_0/inst/clk_out2_clk_wiz_0 |            39.7 |
| clkfbout_clk_wiz_0 | clk_0/inst/clkfbout_clk_wiz_0 |            50.0 |
| sys_clk_pin        | clk_100mhz                    |            10.0 |
| sys_clk_pin        | clk_100mhz_IBUF_BUFG          |            10.0 |
+--------------------+-------------------------------+-----------------+


3. Detailed Reports
-------------------

3.1 By Hierarchy
----------------

+------------------------+-----------+
| Name                   | Power (W) |
+------------------------+-----------+
| camera                 |     0.125 |
|   brain_0              |     0.006 |
|   bram_vga_0           |     0.003 |
|     U0                 |     0.003 |
|       inst_blk_mem_gen |     0.003 |
|   cam_rom_0            |     0.001 |
|   clk_0                |     0.101 |
|     inst               |     0.101 |
|   pan_ctrl             |     0.001 |
|   tilt_ctrl            |     0.002 |
+------------------------+-----------+


