Copyright 1986-2022 Xilinx, Inc. All Rights Reserved. Copyright 2022-2025 Advanced Micro Devices, Inc. All Rights Reserved.
---------------------------------------------------------------------------------------------------------------------------------------------
| Tool Version : Vivado v.2025.1 (win64) Build 6140274 Thu May 22 00:12:29 MDT 2025
| Date         : Mon May 11 14:56:57 2026
| Host         : carlostorres-pc running 64-bit major release  (build 9200)
| Command      : report_control_sets -verbose -file camera_control_sets_placed.rpt
| Design       : camera
| Device       : xc7a100t
---------------------------------------------------------------------------------------------------------------------------------------------

Control Set Information

Table of Contents
-----------------
1. Summary
2. Histogram
3. Flip-Flop Distribution
4. Detailed Control Set Information

1. Summary
----------

+----------------------------------------------------------+-------+
|                          Status                          | Count |
+----------------------------------------------------------+-------+
| Total control sets                                       |    24 |
|    Minimum number of control sets                        |    24 |
|    Addition due to synthesis replication                 |     0 |
|    Addition due to physical synthesis replication        |     0 |
| Unused register locations in slices containing registers |    98 |
+----------------------------------------------------------+-------+
* Control sets can be merged at opt_design using control_set_merge or merge_equivalent_drivers
** Run report_qor_suggestions for automated merging and remapping suggestions


2. Histogram
------------

+--------------------+-------+
|       Fanout       | Count |
+--------------------+-------+
| Total control sets |    24 |
| >= 0 to < 4        |     1 |
| >= 4 to < 6        |     2 |
| >= 6 to < 8        |     1 |
| >= 8 to < 10       |     1 |
| >= 10 to < 12      |     6 |
| >= 12 to < 14      |     2 |
| >= 14 to < 16      |     1 |
| >= 16              |    10 |
+--------------------+-------+
* Control sets can be remapped at either synth_design or opt_design


3. Flip-Flop Distribution
-------------------------

+--------------+-----------------------+------------------------+-----------------+--------------+
| Clock Enable | Synchronous Set/Reset | Asynchronous Set/Reset | Total Registers | Total Slices |
+--------------+-----------------------+------------------------+-----------------+--------------+
| No           | No                    | No                     |              30 |           19 |
| No           | No                    | Yes                    |               0 |            0 |
| No           | Yes                   | No                     |              75 |           25 |
| Yes          | No                    | No                     |             137 |           61 |
| Yes          | No                    | Yes                    |               0 |            0 |
| Yes          | Yes                   | No                     |             148 |           54 |
+--------------+-----------------------+------------------------+-----------------+--------------+


4. Detailed Control Set Information
-----------------------------------

+-----------------------+---------------------------------------+---------------------------------------+------------------+----------------+--------------+
|      Clock Signal     |             Enable Signal             |            Set/Reset Signal           | Slice Load Count | Bel Load Count | Bels / Slice |
+-----------------------+---------------------------------------+---------------------------------------+------------------+----------------+--------------+
|  clk_100mhz_IBUF_BUFG |                                       | cam_sccb_0/p_0_in__0                  |                1 |              1 |         1.00 |
|  pclk_led_OBUF_BUFG   |                                       |                                       |                2 |              4 |         2.00 |
|  clk_100mhz_IBUF_BUFG |                                       |                                       |                5 |              5 |         1.00 |
|  pclk_led_OBUF_BUFG   | cam_capture_0/latched_data[7]_i_1_n_0 |                                       |                3 |              7 |         2.33 |
|  clk_100mhz_IBUF_BUFG | cam_sccb_0/rom_addr[7]_i_1_n_0        |                                       |                2 |              8 |         4.00 |
|  pclk_led_OBUF_BUFG   | cam_capture_0/cam_y0                  | cam_capture_0/cam_x[0]_i_1_n_0        |                3 |             10 |         3.33 |
|  pclk_led_OBUF_BUFG   | cam_capture_0/CEC                     | cam_capture_0/cam_x[0]_i_1_n_0        |                3 |             10 |         3.33 |
|  clk_0/inst/clk_out2  |                                       | vga_ctrl_0/v_cnt                      |                6 |             10 |         1.67 |
|  clk_0/inst/clk_out2  | vga_ctrl_0/v_cnt                      |                                       |                5 |             10 |         2.00 |
|  clk_0/inst/clk_out2  | brain_0/E[0]                          |                                       |                4 |             10 |         2.50 |
|  clk_0/inst/clk_out2  | brain_0/target_valid_reg_0[0]         |                                       |                4 |             10 |         2.50 |
|  pclk_led_OBUF_BUFG   | cam_capture_0/data_out[11]_i_1_n_0    |                                       |                4 |             12 |         3.00 |
|  clk_100mhz_IBUF_BUFG | cam_rom_0/rom_data_reg_0              | cam_rom_0/count_reg[2]                |                4 |             13 |         3.25 |
|  clk_100mhz_IBUF_BUFG | cam_rom_0/camera_init_done_reg        | cam_sccb_0/count[14]_i_1_n_0          |                4 |             14 |         3.50 |
|  clk_100mhz_IBUF_BUFG | cam_rom_0/rom_data_reg_0              |                                       |                3 |             17 |         5.67 |
|  pclk_led_OBUF_BUFG   | cam_capture_0/out_addr[16]_i_1_n_0    | cam_capture_0/cam_x[0]_i_1_n_0        |                5 |             17 |         3.40 |
|  clk_0/inst/clk_out2  | brain_0/x_center[9]_i_1_n_0           |                                       |               20 |             20 |         1.00 |
|  clk_100mhz_IBUF_BUFG |                                       | pan_ctrl/current_duty[24]_i_1_n_0     |                6 |             21 |         3.50 |
|  clk_100mhz_IBUF_BUFG |                                       | tilt_ctrl/current_duty[24]_i_1__0_n_0 |                6 |             21 |         3.50 |
|  clk_100mhz_IBUF_BUFG | pan_ctrl/current_duty[24]_i_1_n_0     |                                       |                8 |             21 |         2.62 |
|  clk_0/inst/clk_out2  |                                       |                                       |               12 |             21 |         1.75 |
|  clk_100mhz_IBUF_BUFG | tilt_ctrl/current_duty[24]_i_1__0_n_0 |                                       |                8 |             22 |         2.75 |
|  clk_0/inst/clk_out2  |                                       | tracker_pid_0/tick_counter_reg[21]_0  |                6 |             22 |         3.67 |
|  clk_0/inst/clk_out2  | vga_ctrl_0/is_ball_pixel0             | vga_ctrl_0/vsync_edge                 |               35 |             84 |         2.40 |
+-----------------------+---------------------------------------+---------------------------------------+------------------+----------------+--------------+


