Copyright 1986-2022 Xilinx, Inc. All Rights Reserved. Copyright 2022-2025 Advanced Micro Devices, Inc. All Rights Reserved.
--------------------------------------------------------------------------------------------------------------------------------------------------------
| Tool Version : Vivado v.2025.1 (win64) Build 6140274 Thu May 22 00:12:29 MDT 2025
| Date         : Sun May 10 18:06:07 2026
| Host         : carlostorres-pc running 64-bit major release  (build 9200)
| Command      : report_methodology -file camera_methodology_drc_routed.rpt -pb camera_methodology_drc_routed.pb -rpx camera_methodology_drc_routed.rpx
| Design       : camera
| Device       : xc7a100tcsg324-1
| Speed File   : -1
| Design State : Fully Routed
--------------------------------------------------------------------------------------------------------------------------------------------------------

Report Methodology

Table of Contents
-----------------
1. REPORT SUMMARY
2. REPORT DETAILS

1. REPORT SUMMARY
-----------------
            Netlist: netlist
          Floorplan: design_1
      Design limits: <entire design considered>
             Max checks: <unlimited>
             Checks found: 55
+-----------+------------------+-----------------------------------------------------------+--------+
| Rule      | Severity         | Description                                               | Checks |
+-----------+------------------+-----------------------------------------------------------+--------+
| TIMING-4  | Critical Warning | Invalid primary clock redefinition on a clock tree        | 1      |
| TIMING-6  | Critical Warning | No common primary clock between related clocks            | 1      |
| TIMING-7  | Critical Warning | No common node between related clocks                     | 1      |
| TIMING-27 | Critical Warning | Invalid primary clock on hierarchical pin                 | 1      |
| TIMING-51 | Critical Warning | No common phase between related clocks from parallel CMBs | 1      |
| HPDR-1    | Warning          | Port pin direction inconsistency                          | 1      |
| SYNTH-6   | Warning          | Timing of a RAM block might be sub-optimal                | 1      |
| TIMING-9  | Warning          | Unknown CDC Logic                                         | 1      |
| TIMING-16 | Warning          | Large setup violation                                     | 32     |
| TIMING-18 | Warning          | Missing input or output delay                             | 15     |
+-----------+------------------+-----------------------------------------------------------+--------+

2. REPORT DETAILS
-----------------
TIMING-4#1 Critical Warning
Invalid primary clock redefinition on a clock tree  
Invalid clock redefinition on a clock tree. The primary clock clk_0/inst/clk_in1 is defined downstream of clock sys_clk_pin and overrides its insertion delay and/or waveform definition
Related violations: <none>

TIMING-6#1 Critical Warning
No common primary clock between related clocks  
The clocks clk_out2_clk_wiz_0 and sys_clk_pin are related (timed together) but they have no common primary clock. The design could fail in hardware. To find a timing path between these clocks, run the following command: report_timing -from [get_clocks clk_out2_clk_wiz_0] -to [get_clocks sys_clk_pin]
Related violations: <none>

TIMING-7#1 Critical Warning
No common node between related clocks  
The clocks clk_out2_clk_wiz_0 and sys_clk_pin are related (timed together) but they have no common node. The design could fail in hardware. To find a timing path between these clocks, run the following command: report_timing -from [get_clocks clk_out2_clk_wiz_0] -to [get_clocks sys_clk_pin]
Related violations: <none>

TIMING-27#1 Critical Warning
Invalid primary clock on hierarchical pin  
A primary clock clk_0/inst/clk_in1 is created on an inappropriate internal pin clk_0/inst/clk_in1. It is not recommended to create a primary clock on a hierarchical pin when its driver pin has a fanout connected to multiple clock pins
Related violations: <none>

TIMING-51#1 Critical Warning
No common phase between related clocks from parallel CMBs  
The clocks clk_out2_clk_wiz_0 and sys_clk_pin are timed together but have no phase relationship. The design could fail in hardware. The clocks originate from two parallel Clock Modifying Blocks and at least one of the MMCM or PLLs clock dividers is not set to 1. To be safely timed, all MMCMs or PLLs involved in parallel clocking must have the clock divider set to 1.
Related violations: <none>

HPDR-1#1 Warning
Port pin direction inconsistency  
Hierarchical port(pin) cam_sda direction INOUT is not consistent with the directions of the cell pins/ports found at that level of the netlist hierarchy. Please review the design and consider changing the port(pin) direction. Both drivers and loads were expected for the net (cam_sda) connected to this Port, but both were not found.
Related violations: <none>

SYNTH-6#1 Warning
Timing of a RAM block might be sub-optimal  
The timing for the instance cam_rom_0/rom_data_reg, implemented as a RAM block, might be sub-optimal as no output register was merged into the block.
Related violations: <none>

TIMING-9#1 Warning
Unknown CDC Logic  
One or more asynchronous Clock Domain Crossing has been detected between 2 clock domains through a set_false_path or a set_clock_groups or set_max_delay -datapath_only constraint but no double-registers logic synchronizer has been found on the side of the capture clock. It is recommended to run report_cdc for a complete and detailed CDC coverage. Please consider using XPM_CDC to avoid Critical severities
Related violations: <none>

TIMING-16#1 Warning
Large setup violation  
There is a large setup violation of -12.977 ns between brain_0/count_reg[4]_replica_1/C (clocked by clk_out2_clk_wiz_0) and brain_0/y_center_reg[9]/D (clocked by clk_out2_clk_wiz_0). Large setup violations at the end of those stages might be difficult to fix during the post-placement implementation flow and could be the result of non-optimal XDC constraints or non-optimal design architecture
Related violations: <none>

TIMING-16#2 Warning
Large setup violation  
There is a large setup violation of -13.480 ns between brain_0/count_reg[15]/C (clocked by clk_out2_clk_wiz_0) and brain_0/x_center_reg[9]/D (clocked by clk_out2_clk_wiz_0). Large setup violations at the end of those stages might be difficult to fix during the post-placement implementation flow and could be the result of non-optimal XDC constraints or non-optimal design architecture
Related violations: <none>

TIMING-16#3 Warning
Large setup violation  
There is a large setup violation of -14.302 ns between brain_0/count_reg[4]_replica_1/C (clocked by clk_out2_clk_wiz_0) and tilt_ctrl/pwm_out_i_61__0_psdsp/D (clocked by clk_out2_clk_wiz_0). Large setup violations at the end of those stages might be difficult to fix during the post-placement implementation flow and could be the result of non-optimal XDC constraints or non-optimal design architecture
Related violations: <none>

TIMING-16#4 Warning
Large setup violation  
There is a large setup violation of -15.321 ns between brain_0/count_reg[4]_replica_1/C (clocked by clk_out2_clk_wiz_0) and brain_0/y_center_reg[8]/D (clocked by clk_out2_clk_wiz_0). Large setup violations at the end of those stages might be difficult to fix during the post-placement implementation flow and could be the result of non-optimal XDC constraints or non-optimal design architecture
Related violations: <none>

TIMING-16#5 Warning
Large setup violation  
There is a large setup violation of -15.767 ns between brain_0/count_reg[15]/C (clocked by clk_out2_clk_wiz_0) and brain_0/x_center_reg[8]/D (clocked by clk_out2_clk_wiz_0). Large setup violations at the end of those stages might be difficult to fix during the post-placement implementation flow and could be the result of non-optimal XDC constraints or non-optimal design architecture
Related violations: <none>

TIMING-16#6 Warning
Large setup violation  
There is a large setup violation of -16.872 ns between brain_0/count_reg[4]_replica_1/C (clocked by clk_out2_clk_wiz_0) and tilt_ctrl/pwm_out_i_61__0_psdsp_1/D (clocked by clk_out2_clk_wiz_0). Large setup violations at the end of those stages might be difficult to fix during the post-placement implementation flow and could be the result of non-optimal XDC constraints or non-optimal design architecture
Related violations: <none>

TIMING-16#7 Warning
Large setup violation  
There is a large setup violation of -17.526 ns between brain_0/count_reg[4]_replica_1/C (clocked by clk_out2_clk_wiz_0) and brain_0/y_center_reg[7]/D (clocked by clk_out2_clk_wiz_0). Large setup violations at the end of those stages might be difficult to fix during the post-placement implementation flow and could be the result of non-optimal XDC constraints or non-optimal design architecture
Related violations: <none>

TIMING-16#8 Warning
Large setup violation  
There is a large setup violation of -17.990 ns between brain_0/count_reg[15]/C (clocked by clk_out2_clk_wiz_0) and brain_0/x_center_reg[7]/D (clocked by clk_out2_clk_wiz_0). Large setup violations at the end of those stages might be difficult to fix during the post-placement implementation flow and could be the result of non-optimal XDC constraints or non-optimal design architecture
Related violations: <none>

TIMING-16#9 Warning
Large setup violation  
There is a large setup violation of -18.249 ns between brain_0/count_reg[4]_replica_1/C (clocked by clk_out2_clk_wiz_0) and tilt_ctrl/pwm_out_i_61__0_psdsp_2/D (clocked by clk_out2_clk_wiz_0). Large setup violations at the end of those stages might be difficult to fix during the post-placement implementation flow and could be the result of non-optimal XDC constraints or non-optimal design architecture
Related violations: <none>

TIMING-16#10 Warning
Large setup violation  
There is a large setup violation of -19.788 ns between brain_0/count_reg[4]_replica_1/C (clocked by clk_out2_clk_wiz_0) and brain_0/y_center_reg[6]/D (clocked by clk_out2_clk_wiz_0). Large setup violations at the end of those stages might be difficult to fix during the post-placement implementation flow and could be the result of non-optimal XDC constraints or non-optimal design architecture
Related violations: <none>

TIMING-16#11 Warning
Large setup violation  
There is a large setup violation of -20.305 ns between brain_0/count_reg[15]/C (clocked by clk_out2_clk_wiz_0) and brain_0/x_center_reg[6]/D (clocked by clk_out2_clk_wiz_0). Large setup violations at the end of those stages might be difficult to fix during the post-placement implementation flow and could be the result of non-optimal XDC constraints or non-optimal design architecture
Related violations: <none>

TIMING-16#12 Warning
Large setup violation  
There is a large setup violation of -20.738 ns between brain_0/count_reg[4]_replica_1/C (clocked by clk_out2_clk_wiz_0) and tilt_ctrl/pwm_out_i_61__0_psdsp_3/D (clocked by clk_out2_clk_wiz_0). Large setup violations at the end of those stages might be difficult to fix during the post-placement implementation flow and could be the result of non-optimal XDC constraints or non-optimal design architecture
Related violations: <none>

TIMING-16#13 Warning
Large setup violation  
There is a large setup violation of -22.085 ns between brain_0/count_reg[4]_replica_1/C (clocked by clk_out2_clk_wiz_0) and brain_0/y_center_reg[5]/D (clocked by clk_out2_clk_wiz_0). Large setup violations at the end of those stages might be difficult to fix during the post-placement implementation flow and could be the result of non-optimal XDC constraints or non-optimal design architecture
Related violations: <none>

TIMING-16#14 Warning
Large setup violation  
There is a large setup violation of -22.689 ns between brain_0/sum_x_reg[31]/C (clocked by clk_out2_clk_wiz_0) and brain_0/x_center_reg[5]/D (clocked by clk_out2_clk_wiz_0). Large setup violations at the end of those stages might be difficult to fix during the post-placement implementation flow and could be the result of non-optimal XDC constraints or non-optimal design architecture
Related violations: <none>

TIMING-16#15 Warning
Large setup violation  
There is a large setup violation of -22.946 ns between brain_0/count_reg[4]_replica_1/C (clocked by clk_out2_clk_wiz_0) and tilt_ctrl/pwm_out_i_61__0_psdsp_4/D (clocked by clk_out2_clk_wiz_0). Large setup violations at the end of those stages might be difficult to fix during the post-placement implementation flow and could be the result of non-optimal XDC constraints or non-optimal design architecture
Related violations: <none>

TIMING-16#16 Warning
Large setup violation  
There is a large setup violation of -24.359 ns between brain_0/count_reg[4]_replica_1/C (clocked by clk_out2_clk_wiz_0) and brain_0/y_center_reg[4]/D (clocked by clk_out2_clk_wiz_0). Large setup violations at the end of those stages might be difficult to fix during the post-placement implementation flow and could be the result of non-optimal XDC constraints or non-optimal design architecture
Related violations: <none>

TIMING-16#17 Warning
Large setup violation  
There is a large setup violation of -24.998 ns between brain_0/sum_x_reg[31]/C (clocked by clk_out2_clk_wiz_0) and brain_0/x_center_reg[4]/D (clocked by clk_out2_clk_wiz_0). Large setup violations at the end of those stages might be difficult to fix during the post-placement implementation flow and could be the result of non-optimal XDC constraints or non-optimal design architecture
Related violations: <none>

TIMING-16#18 Warning
Large setup violation  
There is a large setup violation of -25.069 ns between brain_0/count_reg[4]_replica_1/C (clocked by clk_out2_clk_wiz_0) and tilt_ctrl/pwm_out_i_61__0_psdsp_5/D (clocked by clk_out2_clk_wiz_0). Large setup violations at the end of those stages might be difficult to fix during the post-placement implementation flow and could be the result of non-optimal XDC constraints or non-optimal design architecture
Related violations: <none>

TIMING-16#19 Warning
Large setup violation  
There is a large setup violation of -26.542 ns between brain_0/count_reg[4]_replica_1/C (clocked by clk_out2_clk_wiz_0) and brain_0/y_center_reg[3]/D (clocked by clk_out2_clk_wiz_0). Large setup violations at the end of those stages might be difficult to fix during the post-placement implementation flow and could be the result of non-optimal XDC constraints or non-optimal design architecture
Related violations: <none>

TIMING-16#20 Warning
Large setup violation  
There is a large setup violation of -27.244 ns between brain_0/count_reg[4]_replica_1/C (clocked by clk_out2_clk_wiz_0) and tilt_ctrl/pwm_out_i_61__0_psdsp_6/D (clocked by clk_out2_clk_wiz_0). Large setup violations at the end of those stages might be difficult to fix during the post-placement implementation flow and could be the result of non-optimal XDC constraints or non-optimal design architecture
Related violations: <none>

TIMING-16#21 Warning
Large setup violation  
There is a large setup violation of -27.327 ns between brain_0/sum_x_reg[31]/C (clocked by clk_out2_clk_wiz_0) and brain_0/x_center_reg[3]/D (clocked by clk_out2_clk_wiz_0). Large setup violations at the end of those stages might be difficult to fix during the post-placement implementation flow and could be the result of non-optimal XDC constraints or non-optimal design architecture
Related violations: <none>

TIMING-16#22 Warning
Large setup violation  
There is a large setup violation of -28.906 ns between brain_0/count_reg[4]_replica_1/C (clocked by clk_out2_clk_wiz_0) and brain_0/y_center_reg[2]/D (clocked by clk_out2_clk_wiz_0). Large setup violations at the end of those stages might be difficult to fix during the post-placement implementation flow and could be the result of non-optimal XDC constraints or non-optimal design architecture
Related violations: <none>

TIMING-16#23 Warning
Large setup violation  
There is a large setup violation of -29.417 ns between brain_0/count_reg[4]_replica_1/C (clocked by clk_out2_clk_wiz_0) and tilt_ctrl/pwm_out_i_61__0_psdsp_7/D (clocked by clk_out2_clk_wiz_0). Large setup violations at the end of those stages might be difficult to fix during the post-placement implementation flow and could be the result of non-optimal XDC constraints or non-optimal design architecture
Related violations: <none>

TIMING-16#24 Warning
Large setup violation  
There is a large setup violation of -29.591 ns between brain_0/sum_x_reg[31]/C (clocked by clk_out2_clk_wiz_0) and brain_0/x_center_reg[2]/D (clocked by clk_out2_clk_wiz_0). Large setup violations at the end of those stages might be difficult to fix during the post-placement implementation flow and could be the result of non-optimal XDC constraints or non-optimal design architecture
Related violations: <none>

TIMING-16#25 Warning
Large setup violation  
There is a large setup violation of -31.285 ns between brain_0/count_reg[4]_replica_1/C (clocked by clk_out2_clk_wiz_0) and brain_0/y_center_reg[1]/D (clocked by clk_out2_clk_wiz_0). Large setup violations at the end of those stages might be difficult to fix during the post-placement implementation flow and could be the result of non-optimal XDC constraints or non-optimal design architecture
Related violations: <none>

TIMING-16#26 Warning
Large setup violation  
There is a large setup violation of -31.862 ns between brain_0/count_reg[4]_replica_1/C (clocked by clk_out2_clk_wiz_0) and tilt_ctrl/pwm_out_i_61__0_psdsp_8/D (clocked by clk_out2_clk_wiz_0). Large setup violations at the end of those stages might be difficult to fix during the post-placement implementation flow and could be the result of non-optimal XDC constraints or non-optimal design architecture
Related violations: <none>

TIMING-16#27 Warning
Large setup violation  
There is a large setup violation of -31.906 ns between brain_0/sum_x_reg[31]/C (clocked by clk_out2_clk_wiz_0) and brain_0/x_center_reg[1]/D (clocked by clk_out2_clk_wiz_0). Large setup violations at the end of those stages might be difficult to fix during the post-placement implementation flow and could be the result of non-optimal XDC constraints or non-optimal design architecture
Related violations: <none>

TIMING-16#28 Warning
Large setup violation  
There is a large setup violation of -33.753 ns between brain_0/count_reg[4]_replica_1/C (clocked by clk_out2_clk_wiz_0) and brain_0/y_center_reg[0]/D (clocked by clk_out2_clk_wiz_0). Large setup violations at the end of those stages might be difficult to fix during the post-placement implementation flow and could be the result of non-optimal XDC constraints or non-optimal design architecture
Related violations: <none>

TIMING-16#29 Warning
Large setup violation  
There is a large setup violation of -34.255 ns between brain_0/count_reg[4]_replica_1/C (clocked by clk_out2_clk_wiz_0) and tilt_ctrl/pwm_out_i_61__0_psdsp_9/D (clocked by clk_out2_clk_wiz_0). Large setup violations at the end of those stages might be difficult to fix during the post-placement implementation flow and could be the result of non-optimal XDC constraints or non-optimal design architecture
Related violations: <none>

TIMING-16#30 Warning
Large setup violation  
There is a large setup violation of -34.265 ns between brain_0/sum_x_reg[31]/C (clocked by clk_out2_clk_wiz_0) and brain_0/x_center_reg[0]/D (clocked by clk_out2_clk_wiz_0). Large setup violations at the end of those stages might be difficult to fix during the post-placement implementation flow and could be the result of non-optimal XDC constraints or non-optimal design architecture
Related violations: <none>

TIMING-16#31 Warning
Large setup violation  
There is a large setup violation of -38.276 ns between tilt_ctrl/duty_cycle1/CLK (clocked by clk_out2_clk_wiz_0) and tilt_ctrl/pwm_out_reg/D (clocked by sys_clk_pin). Large setup violations at the end of those stages might be difficult to fix during the post-placement implementation flow and could be the result of non-optimal XDC constraints or non-optimal design architecture
Related violations: <none>

TIMING-16#32 Warning
Large setup violation  
There is a large setup violation of -41.143 ns between deadband_0/stable_pan_reg[1]/C (clocked by clk_out2_clk_wiz_0) and pan_ctrl/pwm_out_reg/D (clocked by sys_clk_pin). Large setup violations at the end of those stages might be difficult to fix during the post-placement implementation flow and could be the result of non-optimal XDC constraints or non-optimal design architecture
Related violations: <none>

TIMING-18#1 Warning
Missing input or output delay  
An input delay is missing on cam_data[0] relative to the rising and/or falling clock edge(s) of cam_pixel_clock.
Related violations: <none>

TIMING-18#2 Warning
Missing input or output delay  
An input delay is missing on cam_data[1] relative to the rising and/or falling clock edge(s) of cam_pixel_clock.
Related violations: <none>

TIMING-18#3 Warning
Missing input or output delay  
An input delay is missing on cam_data[2] relative to the rising and/or falling clock edge(s) of cam_pixel_clock.
Related violations: <none>

TIMING-18#4 Warning
Missing input or output delay  
An input delay is missing on cam_data[3] relative to the rising and/or falling clock edge(s) of cam_pixel_clock.
Related violations: <none>

TIMING-18#5 Warning
Missing input or output delay  
An input delay is missing on cam_data[4] relative to the rising and/or falling clock edge(s) of cam_pixel_clock.
Related violations: <none>

TIMING-18#6 Warning
Missing input or output delay  
An input delay is missing on cam_data[5] relative to the rising and/or falling clock edge(s) of cam_pixel_clock.
Related violations: <none>

TIMING-18#7 Warning
Missing input or output delay  
An input delay is missing on cam_data[6] relative to the rising and/or falling clock edge(s) of cam_pixel_clock.
Related violations: <none>

TIMING-18#8 Warning
Missing input or output delay  
An input delay is missing on cam_data[7] relative to the rising and/or falling clock edge(s) of cam_pixel_clock.
Related violations: <none>

TIMING-18#9 Warning
Missing input or output delay  
An input delay is missing on cam_href relative to the rising and/or falling clock edge(s) of cam_pixel_clock.
Related violations: <none>

TIMING-18#10 Warning
Missing input or output delay  
An input delay is missing on cam_vsync relative to the rising and/or falling clock edge(s) of cam_pixel_clock.
Related violations: <none>

TIMING-18#11 Warning
Missing input or output delay  
An output delay is missing on cam_scl relative to the rising and/or falling clock edge(s) of sys_clk_pin.
Related violations: <none>

TIMING-18#12 Warning
Missing input or output delay  
An output delay is missing on cam_sda relative to the rising and/or falling clock edge(s) of sys_clk_pin.
Related violations: <none>

TIMING-18#13 Warning
Missing input or output delay  
An output delay is missing on init_led relative to the rising and/or falling clock edge(s) of sys_clk_pin.
Related violations: <none>

TIMING-18#14 Warning
Missing input or output delay  
An output delay is missing on servo_pan relative to the rising and/or falling clock edge(s) of sys_clk_pin.
Related violations: <none>

TIMING-18#15 Warning
Missing input or output delay  
An output delay is missing on servo_tilt relative to the rising and/or falling clock edge(s) of sys_clk_pin.
Related violations: <none>


