
*** Running vivado
    with args -log camera.vdi -applog -m64 -product Vivado -messageDb vivado.pb -mode batch -source camera.tcl -notrace



****** Vivado v2025.1 (64-bit)
  **** SW Build 6140274 on Thu May 22 00:12:29 MDT 2025
  **** IP Build 6138677 on Thu May 22 03:10:11 MDT 2025
  **** SharedData Build 6139179 on Tue May 20 17:58:58 MDT 2025
  **** Start of session at: Tue May  5 16:07:44 2026
    ** Copyright 1986-2022 Xilinx, Inc. All Rights Reserved.
    ** Copyright 2022-2025 Advanced Micro Devices, Inc. All Rights Reserved.

source camera.tcl -notrace
Command: link_design -top camera -part xc7a100tcsg324-1
Design is defaulting to srcset: sources_1
Design is defaulting to constrset: constrs_1
INFO: [Device 21-403] Loading part xc7a100tcsg324-1
INFO: [Project 1-5699] Read binary netlist with skipMacroContent - 1
INFO: [Project 1-454] Reading design checkpoint 'c:/Projects/VivadoProjects/sobel-object-detection/vivado/sobel-object-detection.gen/sources_1/ip/frame_buffer/frame_buffer.dcp' for cell 'bram_vga_0'
INFO: [Project 1-454] Reading design checkpoint 'c:/Projects/VivadoProjects/sobel-object-detection/vivado/sobel-object-detection.gen/sources_1/ip/clk_wiz_0/clk_wiz_0.dcp' for cell 'clk_0'
Netlist sorting complete. Time (s): cpu = 00:00:00 ; elapsed = 00:00:00.006 . Memory (MB): peak = 734.359 ; gain = 0.000
INFO: [Netlist 29-17] Analyzing 74 Unisim elements for replacement
INFO: [Netlist 29-28] Unisim Transformation completed in 0 CPU seconds
INFO: [Project 1-479] Netlist was created with Vivado 2025.1
INFO: [Project 1-570] Preparing netlist for logic optimization
WARNING: [Opt 31-35] Removing redundant IBUF, clk_0/inst/clkin1_ibufg, from the path connected to top-level port: clk_100mhz 
Resolution: The tool has removed redundant IBUF. To resolve this warning, check for redundant IBUF in the input design.
WARNING: [Constraints 18-550] Could not create 'IBUF_LOW_PWR' constraint because net 'clk_0/clk_in1' is not directly connected to top level port. 'IBUF_LOW_PWR' is ignored for synthesis but preserved for implementation.
Parsing XDC File [c:/Projects/VivadoProjects/sobel-object-detection/vivado/sobel-object-detection.gen/sources_1/ip/clk_wiz_0/clk_wiz_0_board.xdc] for cell 'clk_0/inst'
Finished Parsing XDC File [c:/Projects/VivadoProjects/sobel-object-detection/vivado/sobel-object-detection.gen/sources_1/ip/clk_wiz_0/clk_wiz_0_board.xdc] for cell 'clk_0/inst'
Parsing XDC File [c:/Projects/VivadoProjects/sobel-object-detection/vivado/sobel-object-detection.gen/sources_1/ip/clk_wiz_0/clk_wiz_0.xdc] for cell 'clk_0/inst'
INFO: [Timing 38-35] Done setting XDC timing constraints. [c:/Projects/VivadoProjects/sobel-object-detection/vivado/sobel-object-detection.gen/sources_1/ip/clk_wiz_0/clk_wiz_0.xdc:54]
INFO: [Timing 38-2] Deriving generated clocks [c:/Projects/VivadoProjects/sobel-object-detection/vivado/sobel-object-detection.gen/sources_1/ip/clk_wiz_0/clk_wiz_0.xdc:54]
Finished Parsing XDC File [c:/Projects/VivadoProjects/sobel-object-detection/vivado/sobel-object-detection.gen/sources_1/ip/clk_wiz_0/clk_wiz_0.xdc] for cell 'clk_0/inst'
Parsing XDC File [C:/Projects/VivadoProjects/sobel-object-detection/vivado/sobel-object-detection.srcs/constrs_1/new/cf.xdc]
WARNING: [Vivado 12-584] No ports matched 'vauxn3'. [C:/Projects/VivadoProjects/sobel-object-detection/vivado/sobel-object-detection.srcs/constrs_1/new/cf.xdc:71]
CRITICAL WARNING: [Common 17-55] 'set_property' expects at least one object. [C:/Projects/VivadoProjects/sobel-object-detection/vivado/sobel-object-detection.srcs/constrs_1/new/cf.xdc:71]
Resolution: If [get_<value>] was used to populate the object, check to make sure this command returns at least one valid object.
WARNING: [Vivado 12-584] No ports matched 'vauxp3'. [C:/Projects/VivadoProjects/sobel-object-detection/vivado/sobel-object-detection.srcs/constrs_1/new/cf.xdc:72]
CRITICAL WARNING: [Common 17-55] 'set_property' expects at least one object. [C:/Projects/VivadoProjects/sobel-object-detection/vivado/sobel-object-detection.srcs/constrs_1/new/cf.xdc:72]
Resolution: If [get_<value>] was used to populate the object, check to make sure this command returns at least one valid object.
WARNING: [Vivado 12-584] No ports matched 'vauxn10'. [C:/Projects/VivadoProjects/sobel-object-detection/vivado/sobel-object-detection.srcs/constrs_1/new/cf.xdc:73]
CRITICAL WARNING: [Common 17-55] 'set_property' expects at least one object. [C:/Projects/VivadoProjects/sobel-object-detection/vivado/sobel-object-detection.srcs/constrs_1/new/cf.xdc:73]
Resolution: If [get_<value>] was used to populate the object, check to make sure this command returns at least one valid object.
WARNING: [Vivado 12-584] No ports matched 'vauxp10'. [C:/Projects/VivadoProjects/sobel-object-detection/vivado/sobel-object-detection.srcs/constrs_1/new/cf.xdc:74]
CRITICAL WARNING: [Common 17-55] 'set_property' expects at least one object. [C:/Projects/VivadoProjects/sobel-object-detection/vivado/sobel-object-detection.srcs/constrs_1/new/cf.xdc:74]
Resolution: If [get_<value>] was used to populate the object, check to make sure this command returns at least one valid object.
WARNING: [Vivado 12-584] No ports matched 'vauxn2'. [C:/Projects/VivadoProjects/sobel-object-detection/vivado/sobel-object-detection.srcs/constrs_1/new/cf.xdc:75]
CRITICAL WARNING: [Common 17-55] 'set_property' expects at least one object. [C:/Projects/VivadoProjects/sobel-object-detection/vivado/sobel-object-detection.srcs/constrs_1/new/cf.xdc:75]
Resolution: If [get_<value>] was used to populate the object, check to make sure this command returns at least one valid object.
WARNING: [Vivado 12-584] No ports matched 'vauxp2'. [C:/Projects/VivadoProjects/sobel-object-detection/vivado/sobel-object-detection.srcs/constrs_1/new/cf.xdc:76]
CRITICAL WARNING: [Common 17-55] 'set_property' expects at least one object. [C:/Projects/VivadoProjects/sobel-object-detection/vivado/sobel-object-detection.srcs/constrs_1/new/cf.xdc:76]
Resolution: If [get_<value>] was used to populate the object, check to make sure this command returns at least one valid object.
WARNING: [Vivado 12-584] No ports matched 'vauxn11'. [C:/Projects/VivadoProjects/sobel-object-detection/vivado/sobel-object-detection.srcs/constrs_1/new/cf.xdc:77]
CRITICAL WARNING: [Common 17-55] 'set_property' expects at least one object. [C:/Projects/VivadoProjects/sobel-object-detection/vivado/sobel-object-detection.srcs/constrs_1/new/cf.xdc:77]
Resolution: If [get_<value>] was used to populate the object, check to make sure this command returns at least one valid object.
WARNING: [Vivado 12-584] No ports matched 'vauxp11'. [C:/Projects/VivadoProjects/sobel-object-detection/vivado/sobel-object-detection.srcs/constrs_1/new/cf.xdc:78]
CRITICAL WARNING: [Common 17-55] 'set_property' expects at least one object. [C:/Projects/VivadoProjects/sobel-object-detection/vivado/sobel-object-detection.srcs/constrs_1/new/cf.xdc:78]
Resolution: If [get_<value>] was used to populate the object, check to make sure this command returns at least one valid object.
Finished Parsing XDC File [C:/Projects/VivadoProjects/sobel-object-detection/vivado/sobel-object-detection.srcs/constrs_1/new/cf.xdc]
INFO: [Opt 31-138] Pushed 0 inverter(s) to 0 load pin(s).
Netlist sorting complete. Time (s): cpu = 00:00:00 ; elapsed = 00:00:00 . Memory (MB): peak = 1396.285 ; gain = 0.000
INFO: [Project 1-111] Unisim Transformation Summary:
No Unisim elements were transformed.

12 Infos, 10 Warnings, 8 Critical Warnings and 0 Errors encountered.
link_design completed successfully
link_design: Time (s): cpu = 00:00:07 ; elapsed = 00:00:07 . Memory (MB): peak = 1396.285 ; gain = 890.344
Command: opt_design
Attempting to get a license for feature 'Implementation' and/or device 'xc7a100t'
INFO: [Common 17-349] Got license for feature 'Implementation' and/or device 'xc7a100t'
Running DRC as a precondition to command opt_design

Starting DRC Task
INFO: [DRC 23-27] Running DRC with 2 threads
INFO: [Project 1-461] DRC finished with 0 Errors, 1 Warnings
INFO: [Project 1-462] Please refer to the DRC report (report_drc) for more information.

Time (s): cpu = 00:00:01 ; elapsed = 00:00:00.900 . Memory (MB): peak = 1396.285 ; gain = 0.000

Starting Cache Timing Information Task
INFO: [Timing 38-35] Done setting XDC timing constraints.
Ending Cache Timing Information Task | Checksum: 183d8a08b

Time (s): cpu = 00:00:00 ; elapsed = 00:00:00.036 . Memory (MB): peak = 1427.035 ; gain = 30.750

Starting Logic Optimization Task

Phase 1 Initialization

Phase 1.1 Core Generation And Design Setup
Phase 1.1 Core Generation And Design Setup | Checksum: 183d8a08b

Time (s): cpu = 00:00:00 ; elapsed = 00:00:00.001 . Memory (MB): peak = 1844.957 ; gain = 0.000

Phase 1.2 Setup Constraints And Sort Netlist
Phase 1.2 Setup Constraints And Sort Netlist | Checksum: 183d8a08b

Time (s): cpu = 00:00:00 ; elapsed = 00:00:00.002 . Memory (MB): peak = 1844.957 ; gain = 0.000
Phase 1 Initialization | Checksum: 183d8a08b

Time (s): cpu = 00:00:00 ; elapsed = 00:00:00.002 . Memory (MB): peak = 1844.957 ; gain = 0.000

Phase 2 Timer Update And Timing Data Collection

Phase 2.1 Timer Update
Phase 2.1 Timer Update | Checksum: 183d8a08b

Time (s): cpu = 00:00:00 ; elapsed = 00:00:00.014 . Memory (MB): peak = 1844.957 ; gain = 0.000

Phase 2.2 Timing Data Collection
Phase 2.2 Timing Data Collection | Checksum: 183d8a08b

Time (s): cpu = 00:00:00 ; elapsed = 00:00:00.017 . Memory (MB): peak = 1844.957 ; gain = 0.000
Phase 2 Timer Update And Timing Data Collection | Checksum: 183d8a08b

Time (s): cpu = 00:00:00 ; elapsed = 00:00:00.017 . Memory (MB): peak = 1844.957 ; gain = 0.000

Phase 3 Retarget
INFO: [Opt 31-1851] Number of loadless carry chains removed were: 0
INFO: [Opt 31-1834] Total Chains To Be Transformed Were: 0 AND Number of Transformed insts Created are: 0
INFO: [Opt 31-138] Pushed 1 inverter(s) to 6 load pin(s).
INFO: [Opt 31-49] Retargeted 0 cell(s).
Phase 3 Retarget | Checksum: 21fc3af40

Time (s): cpu = 00:00:01 ; elapsed = 00:00:00.030 . Memory (MB): peak = 1844.957 ; gain = 0.000
Retarget | Checksum: 21fc3af40
INFO: [Opt 31-389] Phase Retarget created 20 cells and removed 21 cells
INFO: [Opt 31-1021] In phase Retarget, 1 netlist objects are constrained preventing optimization. Please run opt_design with -debug_log to get more detail. 

Phase 4 Constant propagation
INFO: [Opt 31-138] Pushed 0 inverter(s) to 0 load pin(s).
Phase 4 Constant propagation | Checksum: 1ae801037

Time (s): cpu = 00:00:01 ; elapsed = 00:00:00.033 . Memory (MB): peak = 1844.957 ; gain = 0.000
Constant propagation | Checksum: 1ae801037
INFO: [Opt 31-389] Phase Constant propagation created 0 cells and removed 0 cells

Phase 5 Sweep
INFO: [Constraints 18-11670] Building netlist checker database with flags, 0x8
Done building netlist checker database: Time (s): cpu = 00:00:00 ; elapsed = 00:00:00.001 . Memory (MB): peak = 1844.957 ; gain = 0.000
INFO: [Constraints 18-11670] Building netlist checker database with flags, 0x8
Done building netlist checker database: Time (s): cpu = 00:00:00 ; elapsed = 00:00:00 . Memory (MB): peak = 1844.957 ; gain = 0.000
Phase 5 Sweep | Checksum: 19a6b090d

Time (s): cpu = 00:00:01 ; elapsed = 00:00:00.043 . Memory (MB): peak = 1844.957 ; gain = 0.000
Sweep | Checksum: 19a6b090d
INFO: [Opt 31-389] Phase Sweep created 0 cells and removed 0 cells
INFO: [Opt 31-1021] In phase Sweep, 1 netlist objects are constrained preventing optimization. Please run opt_design with -debug_log to get more detail. 

Phase 6 BUFG optimization
INFO: [Opt 31-194] Inserted BUFG clk_100mhz_IBUF_BUFG_inst to drive 58 load(s) on clock net clk_100mhz_IBUF_BUFG
INFO: [Opt 31-193] Inserted 1 BUFG(s) on clock nets
Phase 6 BUFG optimization | Checksum: 1b3788803

Time (s): cpu = 00:00:01 ; elapsed = 00:00:00.054 . Memory (MB): peak = 1844.957 ; gain = 0.000
BUFG optimization | Checksum: 1b3788803
INFO: [Opt 31-662] Phase BUFG optimization created 1 cells of which 1 are BUFGs and removed 0 cells.

Phase 7 Shift Register Optimization
INFO: [Opt 31-1064] SRL Remap converted 0 SRLs to 0 registers and converted 0 registers of register chains to 0 SRLs
Phase 7 Shift Register Optimization | Checksum: 1b3788803

Time (s): cpu = 00:00:01 ; elapsed = 00:00:00.055 . Memory (MB): peak = 1844.957 ; gain = 0.000
Shift Register Optimization | Checksum: 1b3788803
INFO: [Opt 31-389] Phase Shift Register Optimization created 0 cells and removed 0 cells

Phase 8 Post Processing Netlist
Phase 8 Post Processing Netlist | Checksum: 1b3788803

Time (s): cpu = 00:00:01 ; elapsed = 00:00:00.057 . Memory (MB): peak = 1844.957 ; gain = 0.000
Post Processing Netlist | Checksum: 1b3788803
INFO: [Opt 31-389] Phase Post Processing Netlist created 0 cells and removed 0 cells

Phase 9 Finalization

Phase 9.1 Finalizing Design Cores and Updating Shapes
Phase 9.1 Finalizing Design Cores and Updating Shapes | Checksum: 23235252a

Time (s): cpu = 00:00:01 ; elapsed = 00:00:00.067 . Memory (MB): peak = 1844.957 ; gain = 0.000

Phase 9.2 Verifying Netlist Connectivity

Starting Connectivity Check Task

Time (s): cpu = 00:00:00 ; elapsed = 00:00:00.005 . Memory (MB): peak = 1844.957 ; gain = 0.000
Phase 9.2 Verifying Netlist Connectivity | Checksum: 23235252a

Time (s): cpu = 00:00:01 ; elapsed = 00:00:00.072 . Memory (MB): peak = 1844.957 ; gain = 0.000
Phase 9 Finalization | Checksum: 23235252a

Time (s): cpu = 00:00:01 ; elapsed = 00:00:00.073 . Memory (MB): peak = 1844.957 ; gain = 0.000
Opt_design Change Summary
=========================


-------------------------------------------------------------------------------------------------------------------------
|  Phase                        |  #Cells created  |  #Cells Removed  |  #Constrained objects preventing optimizations  |
-------------------------------------------------------------------------------------------------------------------------
|  Retarget                     |              20  |              21  |                                              1  |
|  Constant propagation         |               0  |               0  |                                              0  |
|  Sweep                        |               0  |               0  |                                              1  |
|  BUFG optimization            |               1  |               0  |                                              0  |
|  Shift Register Optimization  |               0  |               0  |                                              0  |
|  Post Processing Netlist      |               0  |               0  |                                              0  |
-------------------------------------------------------------------------------------------------------------------------


Ending Logic Optimization Task | Checksum: 23235252a

Time (s): cpu = 00:00:01 ; elapsed = 00:00:00.073 . Memory (MB): peak = 1844.957 ; gain = 0.000

Starting Power Optimization Task
INFO: [Pwropt 34-132] Skipping clock gating for clocks with a period < 2.00 ns.
INFO: [Timing 38-35] Done setting XDC timing constraints.
Running Vector-less Activity Propagation...

Finished Running Vector-less Activity Propagation
INFO: [Pwropt 34-9] Applying IDT optimizations ...
INFO: [Pwropt 34-10] Applying ODC optimizations ...


Starting PowerOpt Patch Enables Task
INFO: [Pwropt 34-162] WRITE_MODE attribute of 0 BRAM(s) out of a total of 28 has been updated to save power. Run report_power_opt to get a complete listing of the BRAMs updated.
INFO: [Pwropt 34-201] Structural ODC has moved 0 WE to EN ports
Number of BRAM Ports augmented: 6 newly gated: 0 Total Ports: 56
Ending PowerOpt Patch Enables Task | Checksum: 1da5d3922

Time (s): cpu = 00:00:00 ; elapsed = 00:00:00.061 . Memory (MB): peak = 1973.441 ; gain = 0.000
Ending Power Optimization Task | Checksum: 1da5d3922

Time (s): cpu = 00:00:01 ; elapsed = 00:00:02 . Memory (MB): peak = 1973.441 ; gain = 128.484

Starting Final Cleanup Task

Starting Logic Optimization Task
INFO: [Timing 38-35] Done setting XDC timing constraints.
Ending Logic Optimization Task | Checksum: 1d761a9e4

Time (s): cpu = 00:00:00 ; elapsed = 00:00:00.058 . Memory (MB): peak = 1973.441 ; gain = 0.000
Ending Final Cleanup Task | Checksum: 1d761a9e4

Time (s): cpu = 00:00:02 ; elapsed = 00:00:02 . Memory (MB): peak = 1973.441 ; gain = 0.000

Starting Netlist Obfuscation Task
Netlist sorting complete. Time (s): cpu = 00:00:00 ; elapsed = 00:00:00 . Memory (MB): peak = 1973.441 ; gain = 0.000
Ending Netlist Obfuscation Task | Checksum: 1d761a9e4

Time (s): cpu = 00:00:00 ; elapsed = 00:00:00 . Memory (MB): peak = 1973.441 ; gain = 0.000
INFO: [Common 17-83] Releasing license: Implementation
43 Infos, 10 Warnings, 8 Critical Warnings and 0 Errors encountered.
opt_design completed successfully
opt_design: Time (s): cpu = 00:00:07 ; elapsed = 00:00:07 . Memory (MB): peak = 1973.441 ; gain = 577.156
INFO: [Vivado 12-24828] Executing command : report_drc -file camera_drc_opted.rpt -pb camera_drc_opted.pb -rpx camera_drc_opted.rpx
Command: report_drc -file camera_drc_opted.rpt -pb camera_drc_opted.pb -rpx camera_drc_opted.rpx
INFO: [IP_Flow 19-1839] IP Catalog is up to date.
INFO: [DRC 23-27] Running DRC with 2 threads
INFO: [Vivado_Tcl 2-168] The results of DRC are in file C:/Projects/VivadoProjects/sobel-object-detection/vivado/sobel-object-detection.runs/impl_1/camera_drc_opted.rpt.
report_drc completed successfully
INFO: [Timing 38-35] Done setting XDC timing constraints.
INFO: [Timing 38-480] Writing timing data to binary archive.
Write ShapeDB Complete: Time (s): cpu = 00:00:00 ; elapsed = 00:00:00.002 . Memory (MB): peak = 1973.441 ; gain = 0.000
Wrote PlaceDB: Time (s): cpu = 00:00:00 ; elapsed = 00:00:00.003 . Memory (MB): peak = 1973.441 ; gain = 0.000
Wrote PulsedLatchDB: Time (s): cpu = 00:00:00 ; elapsed = 00:00:00 . Memory (MB): peak = 1973.441 ; gain = 0.000
Writing XDEF routing.
Writing XDEF routing logical nets.
Writing XDEF routing special nets.
Wrote RouteStorage: Time (s): cpu = 00:00:00 ; elapsed = 00:00:00.011 . Memory (MB): peak = 1973.441 ; gain = 0.000
Wrote Netlist Cache: Time (s): cpu = 00:00:00 ; elapsed = 00:00:00 . Memory (MB): peak = 1973.441 ; gain = 0.000
Wrote Device Cache: Time (s): cpu = 00:00:00 ; elapsed = 00:00:00.003 . Memory (MB): peak = 1973.441 ; gain = 0.000
Write Physdb Complete: Time (s): cpu = 00:00:00 ; elapsed = 00:00:00.022 . Memory (MB): peak = 1973.441 ; gain = 0.000
INFO: [Common 17-1381] The checkpoint 'C:/Projects/VivadoProjects/sobel-object-detection/vivado/sobel-object-detection.runs/impl_1/camera_opt.dcp' has been generated.
Command: place_design
Attempting to get a license for feature 'Implementation' and/or device 'xc7a100t'
INFO: [Common 17-349] Got license for feature 'Implementation' and/or device 'xc7a100t'
INFO: [Common 17-83] Releasing license: Implementation
INFO: [DRC 23-27] Running DRC with 2 threads
INFO: [Vivado_Tcl 4-198] DRC finished with 0 Errors
INFO: [Vivado_Tcl 4-199] Please refer to the DRC report (report_drc) for more information.
Running DRC as a precondition to command place_design
INFO: [DRC 23-27] Running DRC with 2 threads
INFO: [Vivado_Tcl 4-198] DRC finished with 0 Errors, 1 Warnings
INFO: [Vivado_Tcl 4-199] Please refer to the DRC report (report_drc) for more information.
INFO: [Place 30-611] Multithreading enabled for place_design using a maximum of 2 CPUs

Starting Placer Task

Phase 1 Placer Initialization

Phase 1.1 Placer Initialization Netlist Sorting
Netlist sorting complete. Time (s): cpu = 00:00:00 ; elapsed = 00:00:00 . Memory (MB): peak = 1973.441 ; gain = 0.000
Phase 1.1 Placer Initialization Netlist Sorting | Checksum: 13d408562

Time (s): cpu = 00:00:00 ; elapsed = 00:00:00.001 . Memory (MB): peak = 1973.441 ; gain = 0.000
Netlist sorting complete. Time (s): cpu = 00:00:00 ; elapsed = 00:00:00 . Memory (MB): peak = 1973.441 ; gain = 0.000

Phase 1.2 IO Placement/ Clock Placement/ Build Placer Device
WARNING: [Place 30-574] Poor placement for routing between an IO pin and BUFG. This is normally an ERROR but the CLOCK_DEDICATED_ROUTE constraint is set to FALSE allowing your design to continue. The use of this override is highly discouraged as it may lead to very poor timing results. It is recommended that this error condition be corrected in the design.

	cam_dclk_IBUF_inst (IBUF.O) is locked to IOB_X0Y117
	pclk_led_OBUF_BUFG_inst (BUFG.I) is provisionally placed by clockplacer on BUFGCTRL_X0Y0
Resolution: Poor placement of an IO pin and a BUFG has resulted in the router using a non-dedicated path between the two.  There are several things that could trigger this DRC, each of which can cause unpredictable clock insertion delays that result in poor timing.  This DRC could be caused by any of the following: (a) a clock port was placed on a pin that is not a CCIO-pin (b)the BUFG has not been placed in the same half of the device or SLR as the CCIO-pin (c) a single ended clock has been placed on the N-Side of a differential pair CCIO-pin.
Phase 1.2 IO Placement/ Clock Placement/ Build Placer Device | Checksum: 1966bc87a

Time (s): cpu = 00:00:00 ; elapsed = 00:00:00.305 . Memory (MB): peak = 1973.441 ; gain = 0.000

Phase 1.3 Build Placer Netlist Model
Phase 1.3 Build Placer Netlist Model | Checksum: 1f3d3be98

Time (s): cpu = 00:00:00 ; elapsed = 00:00:00.468 . Memory (MB): peak = 1973.441 ; gain = 0.000

Phase 1.4 Constrain Clocks/Macros
Phase 1.4 Constrain Clocks/Macros | Checksum: 1f3d3be98

Time (s): cpu = 00:00:00 ; elapsed = 00:00:00.471 . Memory (MB): peak = 1973.441 ; gain = 0.000
Phase 1 Placer Initialization | Checksum: 1f3d3be98

Time (s): cpu = 00:00:00 ; elapsed = 00:00:00.473 . Memory (MB): peak = 1973.441 ; gain = 0.000

Phase 2 Global Placement

Phase 2.1 Floorplanning
Phase 2.1 Floorplanning | Checksum: 196a04e6c

Time (s): cpu = 00:00:00 ; elapsed = 00:00:00.508 . Memory (MB): peak = 1973.441 ; gain = 0.000

Phase 2.2 Update Timing before SLR Path Opt
Phase 2.2 Update Timing before SLR Path Opt | Checksum: 2959befdb

Time (s): cpu = 00:00:00 ; elapsed = 00:00:00.536 . Memory (MB): peak = 1973.441 ; gain = 0.000

Phase 2.3 Post-Processing in Floorplanning
Phase 2.3 Post-Processing in Floorplanning | Checksum: 2959befdb

Time (s): cpu = 00:00:00 ; elapsed = 00:00:00.537 . Memory (MB): peak = 1973.441 ; gain = 0.000

Phase 2.4 Global Place Phase1
Phase 2.4 Global Place Phase1 | Checksum: 22c3d0f98

Time (s): cpu = 00:00:01 ; elapsed = 00:00:01 . Memory (MB): peak = 1973.441 ; gain = 0.000

Phase 2.5 Global Place Phase2

Phase 2.5.1 UpdateTiming Before Physical Synthesis
Phase 2.5.1 UpdateTiming Before Physical Synthesis | Checksum: 22c3d0f98

Time (s): cpu = 00:00:01 ; elapsed = 00:00:01 . Memory (MB): peak = 1973.441 ; gain = 0.000

Phase 2.5.2 Physical Synthesis In Placer
INFO: [Physopt 32-1035] Found 0 LUTNM shape to break, 41 LUT instances to create LUTNM shape
INFO: [Physopt 32-1044] Break lutnm for timing: one critical 0, two critical 0, total 0, new lutff created 0
INFO: [Physopt 32-1138] End 1 Pass. Optimized 18 nets or LUTs. Breaked 0 LUT, combined 18 existing LUTs and moved 0 existing LUT
INFO: [Physopt 32-65] No nets found for high-fanout optimization.
INFO: [Physopt 32-232] Optimized 0 net. Created 0 new instance.
INFO: [Physopt 32-775] End 1 Pass. Optimized 0 net or cell. Created 0 new cell, deleted 0 existing cell and moved 0 existing cell
INFO: [Physopt 32-670] No setup violation found.  DSP Register Optimization was not performed.
INFO: [Physopt 32-670] No setup violation found.  Shift Register to Pipeline Optimization was not performed.
INFO: [Physopt 32-670] No setup violation found.  Shift Register Optimization was not performed.
INFO: [Physopt 32-670] No setup violation found.  BRAM Register Optimization was not performed.
INFO: [Physopt 32-670] No setup violation found.  URAM Register Optimization was not performed.
INFO: [Physopt 32-949] No candidate nets found for dynamic/static region interface net replication
INFO: [Physopt 32-775] End 1 Pass. Optimized 0 net or cell. Created 0 new cell, deleted 0 existing cell and moved 0 existing cell
Netlist sorting complete. Time (s): cpu = 00:00:00 ; elapsed = 00:00:00.001 . Memory (MB): peak = 1973.441 ; gain = 0.000

Summary of Physical Synthesis Optimizations
============================================


-----------------------------------------------------------------------------------------------------------------------------------------------------------
|  Optimization                                     |  Added Cells  |  Removed Cells  |  Optimized Cells/Nets  |  Dont Touch  |  Iterations  |  Elapsed   |
-----------------------------------------------------------------------------------------------------------------------------------------------------------
|  LUT Combining                                    |            0  |             18  |                    18  |           0  |           1  |  00:00:00  |
|  Retime                                           |            0  |              0  |                     0  |           0  |           1  |  00:00:00  |
|  Very High Fanout                                 |            0  |              0  |                     0  |           0  |           1  |  00:00:00  |
|  DSP Register                                     |            0  |              0  |                     0  |           0  |           0  |  00:00:00  |
|  Shift Register to Pipeline                       |            0  |              0  |                     0  |           0  |           0  |  00:00:00  |
|  Shift Register                                   |            0  |              0  |                     0  |           0  |           0  |  00:00:00  |
|  BRAM Register                                    |            0  |              0  |                     0  |           0  |           0  |  00:00:00  |
|  URAM Register                                    |            0  |              0  |                     0  |           0  |           0  |  00:00:00  |
|  Dynamic/Static Region Interface Net Replication  |            0  |              0  |                     0  |           0  |           1  |  00:00:00  |
|  Total                                            |            0  |             18  |                    18  |           0  |           4  |  00:00:00  |
-----------------------------------------------------------------------------------------------------------------------------------------------------------


Phase 2.5.2 Physical Synthesis In Placer | Checksum: 22cf310a7

Time (s): cpu = 00:00:01 ; elapsed = 00:00:01 . Memory (MB): peak = 1973.441 ; gain = 0.000
Phase 2.5 Global Place Phase2 | Checksum: 2868dc92a

Time (s): cpu = 00:00:01 ; elapsed = 00:00:01 . Memory (MB): peak = 1973.441 ; gain = 0.000
Phase 2 Global Placement | Checksum: 2868dc92a

Time (s): cpu = 00:00:01 ; elapsed = 00:00:01 . Memory (MB): peak = 1973.441 ; gain = 0.000

Phase 3 Detail Placement

Phase 3.1 Commit Multi Column Macros
Phase 3.1 Commit Multi Column Macros | Checksum: 23419f469

Time (s): cpu = 00:00:02 ; elapsed = 00:00:01 . Memory (MB): peak = 1973.441 ; gain = 0.000

Phase 3.2 Commit Most Macros & LUTRAMs
Phase 3.2 Commit Most Macros & LUTRAMs | Checksum: 2bbb8d95a

Time (s): cpu = 00:00:02 ; elapsed = 00:00:01 . Memory (MB): peak = 1973.441 ; gain = 0.000

Phase 3.3 Area Swap Optimization
Phase 3.3 Area Swap Optimization | Checksum: 21fd81f04

Time (s): cpu = 00:00:02 ; elapsed = 00:00:01 . Memory (MB): peak = 1973.441 ; gain = 0.000

Phase 3.4 Pipeline Register Optimization
Phase 3.4 Pipeline Register Optimization | Checksum: 2eda9c331

Time (s): cpu = 00:00:02 ; elapsed = 00:00:01 . Memory (MB): peak = 1973.441 ; gain = 0.000

Phase 3.5 Small Shape Detail Placement
Phase 3.5 Small Shape Detail Placement | Checksum: 22a368ce5

Time (s): cpu = 00:00:02 ; elapsed = 00:00:02 . Memory (MB): peak = 1973.441 ; gain = 0.000

Phase 3.6 Re-assign LUT pins
Phase 3.6 Re-assign LUT pins | Checksum: 25645e2aa

Time (s): cpu = 00:00:02 ; elapsed = 00:00:02 . Memory (MB): peak = 1973.441 ; gain = 0.000

Phase 3.7 Pipeline Register Optimization
Phase 3.7 Pipeline Register Optimization | Checksum: 225737ef3

Time (s): cpu = 00:00:02 ; elapsed = 00:00:02 . Memory (MB): peak = 1973.441 ; gain = 0.000
Phase 3 Detail Placement | Checksum: 225737ef3

Time (s): cpu = 00:00:02 ; elapsed = 00:00:02 . Memory (MB): peak = 1973.441 ; gain = 0.000

Phase 4 Post Placement Optimization and Clean-Up

Phase 4.1 Post Commit Optimization
INFO: [Timing 38-35] Done setting XDC timing constraints.

Phase 4.1.1 Post Placement Optimization
Post Placement Optimization Initialization | Checksum: 2e576ae98

Phase 4.1.1.1 BUFG Insertion

Starting Physical Synthesis Task

Phase 1 Physical Synthesis Initialization
INFO: [Physopt 32-721] Multithreading enabled for phys_opt_design using a maximum of 2 CPUs
INFO: [Physopt 32-619] Estimated Timing Summary | WNS=3.262 | TNS=0.000 |
Phase 1 Physical Synthesis Initialization | Checksum: 2398acdf1

Time (s): cpu = 00:00:00 ; elapsed = 00:00:00.014 . Memory (MB): peak = 1973.441 ; gain = 0.000
INFO: [Place 46-56] BUFG insertion identified 0 candidate nets. Inserted BUFG: 0, Replicated BUFG Driver: 0, Skipped due to Placement/Routing Conflicts: 0, Skipped due to Timing Degradation: 0, Skipped due to netlist editing failed: 0.
Ending Physical Synthesis Task | Checksum: 292048a25

Time (s): cpu = 00:00:00 ; elapsed = 00:00:00.020 . Memory (MB): peak = 1973.441 ; gain = 0.000
Phase 4.1.1.1 BUFG Insertion | Checksum: 2e576ae98

Time (s): cpu = 00:00:02 ; elapsed = 00:00:02 . Memory (MB): peak = 1973.441 ; gain = 0.000

Phase 4.1.1.2 Post Placement Timing Optimization
INFO: [Place 30-746] Post Placement Timing Summary WNS=3.262. For the most accurate timing information please run report_timing.
Phase 4.1.1.2 Post Placement Timing Optimization | Checksum: 2c938f5df

Time (s): cpu = 00:00:02 ; elapsed = 00:00:02 . Memory (MB): peak = 1973.441 ; gain = 0.000

Time (s): cpu = 00:00:02 ; elapsed = 00:00:02 . Memory (MB): peak = 1973.441 ; gain = 0.000
Phase 4.1 Post Commit Optimization | Checksum: 2c938f5df

Time (s): cpu = 00:00:02 ; elapsed = 00:00:02 . Memory (MB): peak = 1973.441 ; gain = 0.000

Phase 4.2 Post Placement Cleanup
Phase 4.2 Post Placement Cleanup | Checksum: 2c938f5df

Time (s): cpu = 00:00:02 ; elapsed = 00:00:02 . Memory (MB): peak = 1973.441 ; gain = 0.000

Phase 4.3 Placer Reporting

Phase 4.3.1 Print Estimated Congestion
INFO: [Place 30-612] Post-Placement Estimated Congestion 
 ____________________________________________________
|           | Global Congestion | Short Congestion  |
| Direction | Region Size       | Region Size       |
|___________|___________________|___________________|
|      North|                1x1|                1x1|
|___________|___________________|___________________|
|      South|                1x1|                1x1|
|___________|___________________|___________________|
|       East|                1x1|                1x1|
|___________|___________________|___________________|
|       West|                1x1|                1x1|
|___________|___________________|___________________|

Phase 4.3.1 Print Estimated Congestion | Checksum: 2c938f5df

Time (s): cpu = 00:00:02 ; elapsed = 00:00:02 . Memory (MB): peak = 1973.441 ; gain = 0.000
Phase 4.3 Placer Reporting | Checksum: 2c938f5df

Time (s): cpu = 00:00:02 ; elapsed = 00:00:02 . Memory (MB): peak = 1973.441 ; gain = 0.000

Phase 4.4 Final Placement Cleanup
Netlist sorting complete. Time (s): cpu = 00:00:00 ; elapsed = 00:00:00 . Memory (MB): peak = 1973.441 ; gain = 0.000

Time (s): cpu = 00:00:02 ; elapsed = 00:00:02 . Memory (MB): peak = 1973.441 ; gain = 0.000
Phase 4 Post Placement Optimization and Clean-Up | Checksum: 21b1a33d9

Time (s): cpu = 00:00:02 ; elapsed = 00:00:02 . Memory (MB): peak = 1973.441 ; gain = 0.000
Ending Placer Task | Checksum: 149c4a39d

Time (s): cpu = 00:00:02 ; elapsed = 00:00:02 . Memory (MB): peak = 1973.441 ; gain = 0.000
78 Infos, 11 Warnings, 8 Critical Warnings and 0 Errors encountered.
place_design completed successfully
INFO: [Vivado 12-24838] Running report commands "report_control_sets, report_io, report_utilization" in parallel.
Running report generation with 2 threads.
INFO: [Vivado 12-24828] Executing command : report_utilization -file camera_utilization_placed.rpt -pb camera_utilization_placed.pb
INFO: [Vivado 12-24828] Executing command : report_control_sets -verbose -file camera_control_sets_placed.rpt
report_control_sets: Time (s): cpu = 00:00:00 ; elapsed = 00:00:00.001 . Memory (MB): peak = 1973.441 ; gain = 0.000
INFO: [Vivado 12-24828] Executing command : report_io -file camera_io_placed.rpt
report_io: Time (s): cpu = 00:00:00 ; elapsed = 00:00:00.034 . Memory (MB): peak = 1973.441 ; gain = 0.000
INFO: [Timing 38-480] Writing timing data to binary archive.
Write ShapeDB Complete: Time (s): cpu = 00:00:00 ; elapsed = 00:00:00.002 . Memory (MB): peak = 1973.441 ; gain = 0.000
Wrote PlaceDB: Time (s): cpu = 00:00:00 ; elapsed = 00:00:00.037 . Memory (MB): peak = 1973.441 ; gain = 0.000
Wrote PulsedLatchDB: Time (s): cpu = 00:00:00 ; elapsed = 00:00:00 . Memory (MB): peak = 1973.441 ; gain = 0.000
Writing XDEF routing.
Writing XDEF routing logical nets.
Writing XDEF routing special nets.
Wrote RouteStorage: Time (s): cpu = 00:00:00 ; elapsed = 00:00:00.010 . Memory (MB): peak = 1973.441 ; gain = 0.000
Wrote Netlist Cache: Time (s): cpu = 00:00:00 ; elapsed = 00:00:00.001 . Memory (MB): peak = 1973.441 ; gain = 0.000
Wrote Device Cache: Time (s): cpu = 00:00:00 ; elapsed = 00:00:00.005 . Memory (MB): peak = 1973.441 ; gain = 0.000
Write Physdb Complete: Time (s): cpu = 00:00:00 ; elapsed = 00:00:00.056 . Memory (MB): peak = 1973.441 ; gain = 0.000
INFO: [Common 17-1381] The checkpoint 'C:/Projects/VivadoProjects/sobel-object-detection/vivado/sobel-object-detection.runs/impl_1/camera_placed.dcp' has been generated.
Command: phys_opt_design
Attempting to get a license for feature 'Implementation' and/or device 'xc7a100t'
INFO: [Common 17-349] Got license for feature 'Implementation' and/or device 'xc7a100t'

Starting Initial Update Timing Task

Time (s): cpu = 00:00:00 ; elapsed = 00:00:00.069 . Memory (MB): peak = 1973.441 ; gain = 0.000
INFO: [Vivado_Tcl 4-2279] Estimated Timing Summary | WNS= 3.262 | TNS= 0.000 | 
INFO: [Vivado_Tcl 4-383] Design worst setup slack (WNS) is greater than or equal to 0.000 ns. All physical synthesis setup optimizations will be skipped.
INFO: [Vivado_Tcl 4-232] No setup violation found. The netlist was not modified.
INFO: [Common 17-83] Releasing license: Implementation
89 Infos, 11 Warnings, 8 Critical Warnings and 0 Errors encountered.
phys_opt_design completed successfully
INFO: [Timing 38-480] Writing timing data to binary archive.
Write ShapeDB Complete: Time (s): cpu = 00:00:00 ; elapsed = 00:00:00.003 . Memory (MB): peak = 1973.441 ; gain = 0.000
Wrote PlaceDB: Time (s): cpu = 00:00:00 ; elapsed = 00:00:00.035 . Memory (MB): peak = 1973.441 ; gain = 0.000
Wrote PulsedLatchDB: Time (s): cpu = 00:00:00 ; elapsed = 00:00:00 . Memory (MB): peak = 1973.441 ; gain = 0.000
Writing XDEF routing.
Writing XDEF routing logical nets.
Writing XDEF routing special nets.
Wrote RouteStorage: Time (s): cpu = 00:00:00 ; elapsed = 00:00:00.010 . Memory (MB): peak = 1973.441 ; gain = 0.000
Wrote Netlist Cache: Time (s): cpu = 00:00:00 ; elapsed = 00:00:00.001 . Memory (MB): peak = 1973.441 ; gain = 0.000
Wrote Device Cache: Time (s): cpu = 00:00:00 ; elapsed = 00:00:00.003 . Memory (MB): peak = 1973.441 ; gain = 0.000
Write Physdb Complete: Time (s): cpu = 00:00:00 ; elapsed = 00:00:00.055 . Memory (MB): peak = 1973.441 ; gain = 0.000
INFO: [Common 17-1381] The checkpoint 'C:/Projects/VivadoProjects/sobel-object-detection/vivado/sobel-object-detection.runs/impl_1/camera_physopt.dcp' has been generated.
Command: route_design
Attempting to get a license for feature 'Implementation' and/or device 'xc7a100t'
INFO: [Common 17-349] Got license for feature 'Implementation' and/or device 'xc7a100t'


Starting Routing Task
INFO: [Route 35-254] Multithreading enabled for route_design using a maximum of 2 CPUs

Phase 1 Build RT Design
Checksum: PlaceDB: 943aa593 ConstDB: 0 ShapeSum: 3b79e74 RouteDB: b1d25f96
Post Restoration Checksum: NetGraph: 46b145ca | NumContArr: c44f2b47 | Constraints: c2a8fa9d | Timing: c2a8fa9d
Phase 1 Build RT Design | Checksum: 29052664b

Time (s): cpu = 00:00:21 ; elapsed = 00:00:21 . Memory (MB): peak = 2028.695 ; gain = 55.254

Phase 2 Router Initialization

Phase 2.1 Fix Topology Constraints
Phase 2.1 Fix Topology Constraints | Checksum: 29052664b

Time (s): cpu = 00:00:21 ; elapsed = 00:00:21 . Memory (MB): peak = 2028.695 ; gain = 55.254

Phase 2.2 Pre Route Cleanup
Phase 2.2 Pre Route Cleanup | Checksum: 29052664b

Time (s): cpu = 00:00:21 ; elapsed = 00:00:21 . Memory (MB): peak = 2028.695 ; gain = 55.254
 Number of Nodes with overlaps = 0

Phase 2.3 Update Timing
Phase 2.3 Update Timing | Checksum: 27a509a01

Time (s): cpu = 00:00:22 ; elapsed = 00:00:21 . Memory (MB): peak = 2064.375 ; gain = 90.934
INFO: [Route 35-416] Intermediate Timing Summary | WNS=3.317  | TNS=0.000  | WHS=-0.324 | THS=-20.499|


Phase 2.4 Soft Constraint Pins - Fast Budgeting
Phase 2.4 Soft Constraint Pins - Fast Budgeting | Checksum: 20493099e

Time (s): cpu = 00:00:22 ; elapsed = 00:00:21 . Memory (MB): peak = 2088.371 ; gain = 114.930

Router Utilization Summary
  Global Vertical Routing Utilization    = 0.00178439 %
  Global Horizontal Routing Utilization  = 0.00362319 %
  Routable Net Status*
  *Does not include unroutable nets such as driverless and loadless.
  Run report_route_status for detailed report.
  Number of Failed Nets               = 624
    (Failed Nets is the sum of unrouted and partially routed nets)
  Number of Unrouted Nets             = 624
  Number of Partially Routed Nets     = 0
  Number of Node Overlaps             = 0

Phase 2 Router Initialization | Checksum: 27ccf3765

Time (s): cpu = 00:00:22 ; elapsed = 00:00:21 . Memory (MB): peak = 2088.371 ; gain = 114.930

Phase 3 Global Routing
Phase 3 Global Routing | Checksum: 27ccf3765

Time (s): cpu = 00:00:22 ; elapsed = 00:00:21 . Memory (MB): peak = 2088.371 ; gain = 114.930

Phase 4 Initial Routing

Phase 4.1 Initial Net Routing Pass
Phase 4.1 Initial Net Routing Pass | Checksum: 29a519ee4

Time (s): cpu = 00:00:23 ; elapsed = 00:00:22 . Memory (MB): peak = 2088.371 ; gain = 114.930
Phase 4 Initial Routing | Checksum: 29a519ee4

Time (s): cpu = 00:00:23 ; elapsed = 00:00:22 . Memory (MB): peak = 2088.371 ; gain = 114.930

Phase 5 Rip-up And Reroute

Phase 5.1 Global Iteration 0
 Number of Nodes with overlaps = 44
 Number of Nodes with overlaps = 5
 Number of Nodes with overlaps = 2
 Number of Nodes with overlaps = 0
INFO: [Route 35-416] Intermediate Timing Summary | WNS=3.171  | TNS=0.000  | WHS=N/A    | THS=N/A    |

Phase 5.1 Global Iteration 0 | Checksum: 17ee8c975

Time (s): cpu = 00:00:23 ; elapsed = 00:00:22 . Memory (MB): peak = 2088.371 ; gain = 114.930
Phase 5 Rip-up And Reroute | Checksum: 17ee8c975

Time (s): cpu = 00:00:23 ; elapsed = 00:00:22 . Memory (MB): peak = 2088.371 ; gain = 114.930

Phase 6 Delay and Skew Optimization

Phase 6.1 Delay CleanUp

Phase 6.1.1 Update Timing
Phase 6.1.1 Update Timing | Checksum: 1d030814b

Time (s): cpu = 00:00:23 ; elapsed = 00:00:22 . Memory (MB): peak = 2088.371 ; gain = 114.930
INFO: [Route 35-416] Intermediate Timing Summary | WNS=3.251  | TNS=0.000  | WHS=N/A    | THS=N/A    |

Phase 6.1 Delay CleanUp | Checksum: 1d030814b

Time (s): cpu = 00:00:23 ; elapsed = 00:00:22 . Memory (MB): peak = 2088.371 ; gain = 114.930

Phase 6.2 Clock Skew Optimization
Phase 6.2 Clock Skew Optimization | Checksum: 1d030814b

Time (s): cpu = 00:00:23 ; elapsed = 00:00:22 . Memory (MB): peak = 2088.371 ; gain = 114.930
Phase 6 Delay and Skew Optimization | Checksum: 1d030814b

Time (s): cpu = 00:00:23 ; elapsed = 00:00:22 . Memory (MB): peak = 2088.371 ; gain = 114.930

Phase 7 Post Hold Fix

Phase 7.1 Hold Fix Iter
INFO: [Route 35-416] Intermediate Timing Summary | WNS=3.251  | TNS=0.000  | WHS=0.087  | THS=0.000  |

Phase 7.1 Hold Fix Iter | Checksum: 2057865f7

Time (s): cpu = 00:00:23 ; elapsed = 00:00:22 . Memory (MB): peak = 2088.371 ; gain = 114.930
Phase 7 Post Hold Fix | Checksum: 2057865f7

Time (s): cpu = 00:00:23 ; elapsed = 00:00:22 . Memory (MB): peak = 2088.371 ; gain = 114.930

Phase 8 Route finalize

Router Utilization Summary
  Global Vertical Routing Utilization    = 0.243461 %
  Global Horizontal Routing Utilization  = 0.244956 %
  Routable Net Status*
  *Does not include unroutable nets such as driverless and loadless.
  Run report_route_status for detailed report.
  Number of Failed Nets               = 0
    (Failed Nets is the sum of unrouted and partially routed nets)
  Number of Unrouted Nets             = 0
  Number of Partially Routed Nets     = 0
  Number of Node Overlaps             = 0

Phase 8 Route finalize | Checksum: 2057865f7

Time (s): cpu = 00:00:23 ; elapsed = 00:00:22 . Memory (MB): peak = 2088.371 ; gain = 114.930

Phase 9 Verifying routed nets

 Verification completed successfully
Phase 9 Verifying routed nets | Checksum: 2057865f7

Time (s): cpu = 00:00:23 ; elapsed = 00:00:22 . Memory (MB): peak = 2088.371 ; gain = 114.930

Phase 10 Depositing Routes
Phase 10 Depositing Routes | Checksum: 1c44f4f9c

Time (s): cpu = 00:00:23 ; elapsed = 00:00:22 . Memory (MB): peak = 2088.371 ; gain = 114.930

Phase 11 Post Process Routing
Phase 11 Post Process Routing | Checksum: 1c44f4f9c

Time (s): cpu = 00:00:23 ; elapsed = 00:00:22 . Memory (MB): peak = 2088.371 ; gain = 114.930

Phase 12 Post Router Timing
INFO: [Route 35-57] Estimated Timing Summary | WNS=3.251  | TNS=0.000  | WHS=0.087  | THS=0.000  |

INFO: [Route 35-327] The final timing numbers are based on the router estimated timing analysis. For a complete and accurate timing signoff, please run report_timing_summary.
Phase 12 Post Router Timing | Checksum: 1c44f4f9c

Time (s): cpu = 00:00:23 ; elapsed = 00:00:22 . Memory (MB): peak = 2088.371 ; gain = 114.930
Total Elapsed time in route_design: 22.393 secs

Phase 13 Post-Route Event Processing
Phase 13 Post-Route Event Processing | Checksum: 577315b7

Time (s): cpu = 00:00:23 ; elapsed = 00:00:22 . Memory (MB): peak = 2088.371 ; gain = 114.930
INFO: [Route 35-16] Router Completed Successfully
Ending Routing Task | Checksum: 577315b7

Time (s): cpu = 00:00:23 ; elapsed = 00:00:22 . Memory (MB): peak = 2088.371 ; gain = 114.930

Routing Is Done.
INFO: [Common 17-83] Releasing license: Implementation
101 Infos, 11 Warnings, 8 Critical Warnings and 0 Errors encountered.
route_design completed successfully
route_design: Time (s): cpu = 00:00:23 ; elapsed = 00:00:22 . Memory (MB): peak = 2088.371 ; gain = 114.930
INFO: [Vivado 12-24828] Executing command : report_drc -file camera_drc_routed.rpt -pb camera_drc_routed.pb -rpx camera_drc_routed.rpx
Command: report_drc -file camera_drc_routed.rpt -pb camera_drc_routed.pb -rpx camera_drc_routed.rpx
INFO: [IP_Flow 19-1839] IP Catalog is up to date.
INFO: [DRC 23-27] Running DRC with 2 threads
INFO: [Vivado_Tcl 2-168] The results of DRC are in file C:/Projects/VivadoProjects/sobel-object-detection/vivado/sobel-object-detection.runs/impl_1/camera_drc_routed.rpt.
report_drc completed successfully
INFO: [Vivado 12-24828] Executing command : report_methodology -file camera_methodology_drc_routed.rpt -pb camera_methodology_drc_routed.pb -rpx camera_methodology_drc_routed.rpx
Command: report_methodology -file camera_methodology_drc_routed.rpt -pb camera_methodology_drc_routed.pb -rpx camera_methodology_drc_routed.rpx
INFO: [Timing 38-35] Done setting XDC timing constraints.
INFO: [DRC 23-133] Running Methodology with 2 threads
INFO: [Vivado_Tcl 2-1520] The results of Report Methodology are in file C:/Projects/VivadoProjects/sobel-object-detection/vivado/sobel-object-detection.runs/impl_1/camera_methodology_drc_routed.rpt.
report_methodology completed successfully
INFO: [Vivado 12-24828] Executing command : report_timing_summary -max_paths 10 -routable_nets -report_unconstrained -file camera_timing_summary_routed.rpt -pb camera_timing_summary_routed.pb -rpx camera_timing_summary_routed.rpx -warn_on_violation 
INFO: [Timing 38-35] Done setting XDC timing constraints.
INFO: [Timing 38-91] UpdateTimingParams: Speed grade: -1, Delay Type: min_max.
INFO: [Timing 38-191] Multithreading enabled for timing update using a maximum of 2 CPUs
INFO: [Vivado 12-24838] Running report commands "report_incremental_reuse, report_route_status" in parallel.
Running report generation with 2 threads.
INFO: [Vivado 12-24828] Executing command : report_incremental_reuse -file camera_incremental_reuse_routed.rpt
INFO: [Vivado_Tcl 4-1062] Incremental flow is disabled. No incremental reuse Info to report.
INFO: [Vivado 12-24828] Executing command : report_route_status -file camera_route_status.rpt -pb camera_route_status.pb
INFO: [Vivado 12-24828] Executing command : report_power -file camera_power_routed.rpt -pb camera_power_summary_routed.pb -rpx camera_power_routed.rpx
Command: report_power -file camera_power_routed.rpt -pb camera_power_summary_routed.pb -rpx camera_power_routed.rpx
Running Vector-less Activity Propagation...

Finished Running Vector-less Activity Propagation
118 Infos, 11 Warnings, 8 Critical Warnings and 0 Errors encountered.
report_power completed successfully
INFO: [Vivado 12-24828] Executing command : report_clock_utilization -file camera_clock_utilization_routed.rpt
INFO: [Vivado 12-24828] Executing command : report_bus_skew -warn_on_violation -file camera_bus_skew_routed.rpt -pb camera_bus_skew_routed.pb -rpx camera_bus_skew_routed.rpx
INFO: [Timing 38-91] UpdateTimingParams: Speed grade: -1, Delay Type: min_max.
INFO: [Timing 38-191] Multithreading enabled for timing update using a maximum of 2 CPUs
INFO: [Timing 38-480] Writing timing data to binary archive.
Write ShapeDB Complete: Time (s): cpu = 00:00:00 ; elapsed = 00:00:00.003 . Memory (MB): peak = 2100.031 ; gain = 0.000
Wrote PlaceDB: Time (s): cpu = 00:00:00 ; elapsed = 00:00:00.034 . Memory (MB): peak = 2100.031 ; gain = 0.000
Wrote PulsedLatchDB: Time (s): cpu = 00:00:00 ; elapsed = 00:00:00 . Memory (MB): peak = 2100.031 ; gain = 0.000
Writing XDEF routing.
Writing XDEF routing logical nets.
Writing XDEF routing special nets.
Wrote RouteStorage: Time (s): cpu = 00:00:00 ; elapsed = 00:00:00.018 . Memory (MB): peak = 2100.031 ; gain = 0.000
Wrote Netlist Cache: Time (s): cpu = 00:00:00 ; elapsed = 00:00:00.001 . Memory (MB): peak = 2100.031 ; gain = 0.000
Wrote Device Cache: Time (s): cpu = 00:00:00 ; elapsed = 00:00:00.004 . Memory (MB): peak = 2100.031 ; gain = 0.000
Write Physdb Complete: Time (s): cpu = 00:00:00 ; elapsed = 00:00:00.062 . Memory (MB): peak = 2100.031 ; gain = 0.000
INFO: [Common 17-1381] The checkpoint 'C:/Projects/VivadoProjects/sobel-object-detection/vivado/sobel-object-detection.runs/impl_1/camera_routed.dcp' has been generated.
Command: write_bitstream -force camera.bit
Attempting to get a license for feature 'Implementation' and/or device 'xc7a100t'
INFO: [Common 17-349] Got license for feature 'Implementation' and/or device 'xc7a100t'
Running DRC as a precondition to command write_bitstream
INFO: [IP_Flow 19-1839] IP Catalog is up to date.
INFO: [DRC 23-27] Running DRC with 2 threads
INFO: [Vivado 12-3199] DRC finished with 0 Errors
INFO: [Vivado 12-3200] Please refer to the DRC report (report_drc) for more information.
INFO: [Designutils 20-2272] Running write_bitstream with 2 threads.
Loading data files...
Loading site data...
Loading route data...
Processing options...
Creating bitmap...
Creating bitstream...
Writing bitstream ./camera.bit...
INFO: [Vivado 12-1842] Bitgen Completed Successfully.
INFO: [Project 1-1876] WebTalk data collection is mandatory when using a ULT device. To see the specific WebTalk data collected for your design, open the usage_statistics_webtalk.html or usage_statistics_webtalk.xml file in the implementation directory.
INFO: [Common 17-83] Releasing license: Implementation
133 Infos, 11 Warnings, 8 Critical Warnings and 0 Errors encountered.
write_bitstream completed successfully
write_bitstream: Time (s): cpu = 00:00:12 ; elapsed = 00:00:09 . Memory (MB): peak = 2587.633 ; gain = 487.602
INFO: [Common 17-206] Exiting Vivado at Tue May  5 16:08:47 2026...
